ARM GAS  1.s 			page 1


   1              		@MSPM0L1306
   2              		@编译器ARM-NONE-EABI
   3              	
   4              		.thumb
   5              		.syntax unified
   6              		.section .text
   7              	vectors:
   8 0000 00010020 		.word zhanding
   9 0004 41000000 		.word kaishi + 1
  10 0008 6D000000 		.word _nmi	+1
  11 000c 6D000000 		.word _Hard_Fault +1
  12 0010 00000000 		.word 0
  13 0014 00000000 		.word 0
  14 0018 00000000 		.word 0
  15 001c 00000000 		.word 0
  16 0020 00000000 		.word 0
  17 0024 00000000 		.word 0
  18 0028 00000000 		.word 0
  19 002c 6D000000 		.word _svc_handler +1
  20 0030 00000000 		.word 0
  21 0034 00000000 		.word 0
  22 0038 6D000000 		.word _pendsv_handler +1
  23 003c 6D000000 		.word _systickzhongduan +1  @ 15
  24              	
  25              		
  26              	kaishi:
  27 0040 01BE     		bkpt # 1
  28              	__IOMUX_she_zhi:	
  29 0042 0B48     		ldr r0, = 0x40428000
  30              	
  31              		
  32              	__adc0:
  33 0044 0B48     		ldr r0, = 0x40004000	@寄存器基址
  34 0046 0C49     		ldr r1, = 0x800		@寄存器偏移
  35 0048 0C4A     		ldr r2, = 0x26000001	
  36 004a 4250     		str r2, [r0, r1]	@开电源
  37              	
  38 004c 0C49     		ldr r1, = 0x808
  39 004e 0D4A     		ldr r2, = 0xa9000002
  40 0050 4250     		str r2, [r0, r1]
  41              	
  42              	
  43              	@	ldr r1, = 0x1184	@MEMCTL 转换存储器控制寄存器
  44              	@	ldr r2, = 1
  45              	@	str r2, [r0, r1]	@通道选择	
  46              		
  47 0052 0D49     		ldr r1, = 0x1110	@CLKFREQ 采样时钟范围
  48 0054 0522     		movs r2, # 5
  49 0056 4250     		str r2, [r0, r1]
  50              	
  51 0058 0C49     		ldr r1, = 0x1104  	@CTL1 控制寄存器1
  52 005a 0D4A     		ldr r2, = 0x30100
  53 005c 4250     		str r2, [r0, r1]	@序列重复转换
  54              	
  55 005e 0D49     		ldr r1, = 0x1108	@CTL2控制寄存器2
  56 0060 0D4A     		ldr r2, = 0x3000000
  57 0062 4250     		str r2, [r0, r1] 	@转换序列选择
ARM GAS  1.s 			page 2


  58              		
  59 0064 0D49     		ldr r1, = 0x1100  	@CTL0 控制寄存器 0
  60 0066 0E4A     		ldr r2, = 0x10001
  61 0068 4250     		str r2, [r0, r1]   
  62              		
  63              		
  64              	
  65              	
  66              		
  67              	ting:
  68              	
  69 006a FEE7     		b ting
  70              		
  71              	_nmi:
  72              	_Hard_Fault:
  73              	_svc_handler:
  74              	_pendsv_handler:	
  75              	_systickzhongduan:
  76              	aaa:
  77 006c 7047     		bx lr
  78              		
  79 006e 0000     		.section .data
  80              		.equ zhanding,	0x20000100
  81              		
ARM GAS  1.s 			page 3


DEFINED SYMBOLS
                 1.s:7      .text:00000000 vectors
                            *ABS*:20000100 zhanding
                 1.s:26     .text:00000040 kaishi
                 1.s:71     .text:0000006c _nmi
                 1.s:72     .text:0000006c _Hard_Fault
                 1.s:73     .text:0000006c _svc_handler
                 1.s:74     .text:0000006c _pendsv_handler
                 1.s:75     .text:0000006c _systickzhongduan
                            .text:00000000 $d
                 1.s:27     .text:00000040 $t
                 1.s:28     .text:00000042 __IOMUX_she_zhi
                 1.s:32     .text:00000044 __adc0
                 1.s:67     .text:0000006a ting
                 1.s:76     .text:0000006c aaa
                 1.s:79     .text:0000006e $d
                 1.s:81     .text:00000070 $d

NO UNDEFINED SYMBOLS
