ARM GAS  1.s 			page 1


   1              		@MSPM0L1306
   2              		@编译器ARM-NONE-EABI
   3              	
   4              		.thumb
   5              		.syntax unified
   6              		.section .text
   7              	vectors:
   8 0000 00010020 		.word zhanding
   9 0004 41000000 		.word kaishi + 1
  10 0008 77000000 		.word _nmi	+1
  11 000c 77000000 		.word _Hard_Fault +1
  12 0010 00000000 		.word 0
  13 0014 00000000 		.word 0
  14 0018 00000000 		.word 0
  15 001c 00000000 		.word 0
  16 0020 00000000 		.word 0
  17 0024 00000000 		.word 0
  18 0028 00000000 		.word 0
  19 002c 77000000 		.word _svc_handler +1
  20 0030 00000000 		.word 0
  21 0034 00000000 		.word 0
  22 0038 77000000 		.word _pendsv_handler +1
  23 003c 77000000 		.word _systickzhongduan +1  @ 15
  24              	
  25              		
  26              	kaishi:
  27              	__IOMUX_she_zhi:	
  28 0040 0D48     		ldr r0, = 0x40428000
  29 0042 3821     		movs r1, # 0x38		@pa13
  30 0044 0D4A     		ldr r2, =   0x83	@PA13 TIMG0_C1
  31 0046 4250     		str r2, [r0, r1]
  32              	
  33              		
  34              	__TIMG0:
  35 0048 0D48     		ldr r0, = 0x40084000	@寄存器基址
  36 004a 0E49     		ldr r1, = 0x800		@寄存器偏移
  37 004c 0E4A     		ldr r2, = 0x26000001	
  38 004e 4250     		str r2, [r0, r1]	@开电源
  39              	
  40              		
  41 0050 0E49     		ldr r1, = 0x1008	@CLKSEL
  42 0052 0822     		movs r2, # 0x08
  43 0054 4250     		str r2, [r0, r1]	@时钟选择
  44              	
  45              		
  46 0056 0E49     		ldr r1, = 0x1100	@CCPD
  47 0058 0222     		movs r2, # 0x02
  48 005a 4250     		str r2, [r0, r1]	@c1输出
  49              	
  50              		
  51 005c 0D49     		ldr r1, = 0x1808	@LOAD寄存器
  52 005e 0E4A     		ldr r2, = 0xffff
  53 0060 4250     		str r2, [r0, r1]	@写入定时器最大计数值
  54              	
  55 0062 0E49     		ldr r1, = 0x1814	@CC_01[y]
  56 0064 0E4A     		ldr r2, = 0x7fff	@PWM占空比
  57 0066 4250     		str r2, [r0, r1]	@比较寄存器
ARM GAS  1.s 			page 2


  58              	
  59              	
  60 0068 0E49     		ldr r1, = 0x1874	@CCACT
  61 006a 0F4A     		ldr r2, = 0x50		@CDACT=1,LACT=2
  62 006c 4250     	       str r2, [r0, r1]		@设置比较模式
  63              	
  64              	
  65              		
  66 006e 0F49     		ldr r1, = 0x1804	@CTRCTL
  67 0070 0322     		movs r2, # 0x03
  68 0072 4250     		str r2, [r0, r1]	@ 开定时器
  69              		
  70              	ting:
  71              	
  72 0074 FEE7     		b ting
  73              		
  74              	_nmi:
  75              	_Hard_Fault:
  76              	_svc_handler:
  77              	_pendsv_handler:	
  78              	_systickzhongduan:
  79              	aaa:
  80 0076 7047     		bx lr
  81              		
  82              		.section .data
  83              		.equ zhanding,	0x20000100
  84              		
ARM GAS  1.s 			page 3


DEFINED SYMBOLS
                 1.s:7      .text:00000000 vectors
                            *ABS*:20000100 zhanding
                 1.s:26     .text:00000040 kaishi
                 1.s:74     .text:00000076 _nmi
                 1.s:75     .text:00000076 _Hard_Fault
                 1.s:76     .text:00000076 _svc_handler
                 1.s:77     .text:00000076 _pendsv_handler
                 1.s:78     .text:00000076 _systickzhongduan
                 1.s:27     .text:00000040 __IOMUX_she_zhi
                            .text:00000000 $d
                 1.s:28     .text:00000040 $t
                 1.s:34     .text:00000048 __TIMG0
                 1.s:70     .text:00000074 ting
                 1.s:79     .text:00000076 aaa
                 1.s:84     .text:00000078 $d

NO UNDEFINED SYMBOLS
